<?xml version="1.0" encoding="UTF-8"?>
<!-- Generated by org.testng.reporters.JUnitXMLReporter -->
<testsuite hostname="DESKTOP-86N1T3I" ignored="0" name="ADD_DELETE_API_Test" tests="0" failures="0" timestamp="2021-05-08T03:12:57 IST" time="1.418" errors="0">
  <testcase name="@BeforeClass setUpClass" time="1.308" classname="io.cucumber.testng.AbstractTestNGCucumberTests">
    <failure type="io.cucumber.core.exception.CucumberException" message="java.lang.ExceptionInInitializerError">
      <![CDATA[io.cucumber.core.exception.CucumberException: java.lang.ExceptionInInitializerError
at io.cucumber.core.plugin.PluginFactory.newInstance(PluginFactory.java:120)
at io.cucumber.core.plugin.PluginFactory.instantiate(PluginFactory.java:99)
at io.cucumber.core.plugin.PluginFactory.create(PluginFactory.java:63)
at io.cucumber.core.plugin.Plugins.createPlugins(Plugins.java:32)
at io.cucumber.core.plugin.Plugins.<init>(Plugins.java:25)
at io.cucumber.testng.TestNGCucumberRunner.<init>(TestNGCucumberRunner.java:92)
at io.cucumber.testng.AbstractTestNGCucumberTests.setUpClass(AbstractTestNGCucumberTests.java:23)
at java.util.ArrayList.forEach(ArrayList.java:1257)
Caused by: java.lang.ExceptionInInitializerError
at com.aventstack.extentreports.service.ExtentService.getInstance(ExtentService.java:34)
at com.aventstack.extentreports.cucumber.adapter.ExtentCucumberAdapter.<init>(ExtentCucumberAdapter.java:141)
at io.cucumber.core.plugin.PluginFactory.newInstance(PluginFactory.java:116)
... 36 more
Caused by: java.lang.NullPointerException
at com.aventstack.extentreports.service.ExtentService$ExtentReportsLoader.sparkBase64PngImageStyle(ExtentService.java:242)
at com.aventstack.extentreports.service.ExtentService$ExtentReportsLoader.initSpark(ExtentService.java:227)
at com.aventstack.extentreports.service.ExtentService$ExtentReportsLoader.createViaSystem(ExtentService.java:155)
at com.aventstack.extentreports.service.ExtentService$ExtentReportsLoader.<clinit>(ExtentService.java:111)
... 43 more
... Removed 33 stack frames]]>
    </failure>
  </testcase> <!-- @BeforeClass setUpClass -->
</testsuite> <!-- ADD_DELETE_API_Test -->
