<?xml version="1.0" encoding="UTF-8"?>
<!-- Generated by org.testng.reporters.JUnitXMLReporter -->
<testsuite hostname="DESKTOP-86N1T3I" ignored="0" name="ADD_DELETE_API_Test" tests="4" failures="0" timestamp="2021-05-12T03:23:01 IST" time="40.5" errors="0">
  <testcase name="runScenario" time="19.062" classname="io.cucumber.testng.AbstractTestNGCucumberTests"/>
  <testcase name="runScenario" time="19.062" classname="io.cucumber.testng.AbstractTestNGCucumberTests"/>
  <testcase name="runScenario" time="19.331" classname="io.cucumber.testng.AbstractTestNGCucumberTests"/>
  <testcase name="runScenario" time="19.597" classname="io.cucumber.testng.AbstractTestNGCucumberTests"/>
</testsuite> <!-- ADD_DELETE_API_Test -->
