<?xml version="1.0" encoding="UTF-8"?>
<!-- Generated by org.testng.reporters.JUnitXMLReporter -->
<testsuite hostname="DESKTOP-86N1T3I" ignored="0" name="ADD_DELETE_API_Test" tests="3" failures="0" timestamp="2021-05-08T21:09:28 IST" time="21.972" errors="0">
  <testcase name="runScenario" time="13.739" classname="io.cucumber.testng.AbstractTestNGCucumberTests"/>
  <testcase name="runScenario" time="2.268" classname="io.cucumber.testng.AbstractTestNGCucumberTests"/>
  <testcase name="runScenario" time="2.568" classname="io.cucumber.testng.AbstractTestNGCucumberTests"/>
</testsuite> <!-- ADD_DELETE_API_Test -->
