-------------------------------------------------------------------------------
Test set: TestSuite
-------------------------------------------------------------------------------
Tests run: 1, Failures: 1, Errors: 0, Skipped: 0, Time elapsed: 6.565 s <<< FAILURE! - in TestSuite
Runner.TestRunner.setUpClass  Time elapsed: 6.016 s  <<< FAILURE!
io.cucumber.core.exception.CucumberException: java.lang.ExceptionInInitializerError
Caused by: java.lang.ExceptionInInitializerError
Caused by: java.lang.NullPointerException

