<?xml version="1.0" encoding="UTF-8"?>
<testng-results skipped="0" failed="0" ignored="0" total="4" passed="4">
  <reporter-output>
  </reporter-output>
  <suite name="LibraryAPITest" duration-ms="40500" started-at="2021-05-12T03:22:20 IST" finished-at="2021-05-12T03:23:00 IST">
    <groups>
      <group name="cucumber">
        <method signature="AbstractTestNGCucumberTests.runScenario(io.cucumber.testng.PickleWrapper,io.cucumber.testng.FeatureWrapper)[pri:0, instance:parallel.TestRunner@192d3247]" name="runScenario" class="io.cucumber.testng.AbstractTestNGCucumberTests"/>
      </group> <!-- cucumber -->
    </groups>
    <test name="ADD_DELETE_API_Test" duration-ms="40500" started-at="2021-05-12T03:22:20 IST" finished-at="2021-05-12T03:23:00 IST">
      <class name="parallel.TestRunner">
        <test-method status="PASS" signature="setUpClass()[pri:0, instance:parallel.TestRunner@192d3247]" name="setUpClass" is-config="true" duration-ms="2580" started-at="2021-05-12T03:22:20 IST" finished-at="2021-05-12T03:22:23 IST">
          <reporter-output>
          </reporter-output>
        </test-method> <!-- setUpClass -->
        <test-method status="PASS" signature="runScenario(io.cucumber.testng.PickleWrapper,io.cucumber.testng.FeatureWrapper)[pri:0, instance:parallel.TestRunner@192d3247]" name="runScenario" duration-ms="19062" started-at="2021-05-12T03:22:23 IST" description="Runs Cucumber Scenarios" data-provider="scenarios" finished-at="2021-05-12T03:22:42 IST">
          <params>
            <param index="0">
              <value>
                <![CDATA["Verify Add Place API"]]>
              </value>
            </param>
            <param index="1">
              <value>
                <![CDATA["Optional[Add Delete Place API]"]]>
              </value>
            </param>
          </params>
          <reporter-output>
          </reporter-output>
        </test-method> <!-- runScenario -->
        <test-method status="PASS" signature="runScenario(io.cucumber.testng.PickleWrapper,io.cucumber.testng.FeatureWrapper)[pri:0, instance:parallel.TestRunner@192d3247]" name="runScenario" duration-ms="19331" started-at="2021-05-12T03:22:23 IST" description="Runs Cucumber Scenarios" data-provider="scenarios" finished-at="2021-05-12T03:22:42 IST">
          <params>
            <param index="0">
              <value>
                <![CDATA["Verify Add Place API"]]>
              </value>
            </param>
            <param index="1">
              <value>
                <![CDATA["Optional[Add Delete Place API]"]]>
              </value>
            </param>
          </params>
          <reporter-output>
          </reporter-output>
        </test-method> <!-- runScenario -->
        <test-method status="PASS" signature="runScenario(io.cucumber.testng.PickleWrapper,io.cucumber.testng.FeatureWrapper)[pri:0, instance:parallel.TestRunner@192d3247]" name="runScenario" duration-ms="19597" started-at="2021-05-12T03:22:23 IST" description="Runs Cucumber Scenarios" data-provider="scenarios" finished-at="2021-05-12T03:22:42 IST">
          <params>
            <param index="0">
              <value>
                <![CDATA["Verify Delete Place API"]]>
              </value>
            </param>
            <param index="1">
              <value>
                <![CDATA["Optional[Add Delete Place API]"]]>
              </value>
            </param>
          </params>
          <reporter-output>
          </reporter-output>
        </test-method> <!-- runScenario -->
        <test-method status="PASS" signature="runScenario(io.cucumber.testng.PickleWrapper,io.cucumber.testng.FeatureWrapper)[pri:0, instance:parallel.TestRunner@192d3247]" name="runScenario" duration-ms="19062" started-at="2021-05-12T03:22:23 IST" description="Runs Cucumber Scenarios" data-provider="scenarios" finished-at="2021-05-12T03:22:42 IST">
          <params>
            <param index="0">
              <value>
                <![CDATA["Verify Add Place API"]]>
              </value>
            </param>
            <param index="1">
              <value>
                <![CDATA["Optional[Add Delete Place API]"]]>
              </value>
            </param>
          </params>
          <reporter-output>
          </reporter-output>
        </test-method> <!-- runScenario -->
        <test-method status="PASS" signature="tearDownClass()[pri:0, instance:parallel.TestRunner@192d3247]" name="tearDownClass" is-config="true" duration-ms="18097" started-at="2021-05-12T03:22:42 IST" finished-at="2021-05-12T03:23:00 IST">
          <reporter-output>
          </reporter-output>
        </test-method> <!-- tearDownClass -->
      </class> <!-- parallel.TestRunner -->
    </test> <!-- ADD_DELETE_API_Test -->
  </suite> <!-- LibraryAPITest -->
</testng-results>
