<?xml version="1.0" encoding="UTF-8"?>
<testng-results skipped="0" failed="0" ignored="0" total="3" passed="3">
  <reporter-output>
  </reporter-output>
  <suite name="LibraryAPITest" duration-ms="21972" started-at="2021-05-08T21:09:06 IST" finished-at="2021-05-08T21:09:28 IST">
    <groups>
      <group name="cucumber">
        <method signature="AbstractTestNGCucumberTests.runScenario(io.cucumber.testng.PickleWrapper,io.cucumber.testng.FeatureWrapper)[pri:0, instance:Runner.TestRunner@192d3247]" name="runScenario" class="io.cucumber.testng.AbstractTestNGCucumberTests"/>
      </group> <!-- cucumber -->
    </groups>
    <test name="ADD_DELETE_API_Test" duration-ms="21972" started-at="2021-05-08T21:09:06 IST" finished-at="2021-05-08T21:09:28 IST">
      <class name="Runner.TestRunner">
        <test-method status="PASS" signature="setUpClass()[pri:0, instance:Runner.TestRunner@192d3247]" name="setUpClass" is-config="true" duration-ms="2272" started-at="2021-05-08T21:09:06 IST" finished-at="2021-05-08T21:09:08 IST">
          <reporter-output>
          </reporter-output>
        </test-method> <!-- setUpClass -->
        <test-method status="PASS" signature="runScenario(io.cucumber.testng.PickleWrapper,io.cucumber.testng.FeatureWrapper)[pri:0, instance:Runner.TestRunner@192d3247]" name="runScenario" duration-ms="13739" started-at="2021-05-08T21:09:08 IST" description="Runs Cucumber Scenarios" data-provider="scenarios" finished-at="2021-05-08T21:09:22 IST">
          <params>
            <param index="0">
              <value>
                <![CDATA["Verify Add Place API"]]>
              </value>
            </param>
            <param index="1">
              <value>
                <![CDATA["Optional[Add Delete Place API]"]]>
              </value>
            </param>
          </params>
          <reporter-output>
          </reporter-output>
        </test-method> <!-- runScenario -->
        <test-method status="PASS" signature="runScenario(io.cucumber.testng.PickleWrapper,io.cucumber.testng.FeatureWrapper)[pri:0, instance:Runner.TestRunner@192d3247]" name="runScenario" duration-ms="2268" started-at="2021-05-08T21:09:22 IST" description="Runs Cucumber Scenarios" data-provider="scenarios" finished-at="2021-05-08T21:09:25 IST">
          <params>
            <param index="0">
              <value>
                <![CDATA["Verify Add Place API"]]>
              </value>
            </param>
            <param index="1">
              <value>
                <![CDATA["Optional[Add Delete Place API]"]]>
              </value>
            </param>
          </params>
          <reporter-output>
          </reporter-output>
        </test-method> <!-- runScenario -->
        <test-method status="PASS" signature="runScenario(io.cucumber.testng.PickleWrapper,io.cucumber.testng.FeatureWrapper)[pri:0, instance:Runner.TestRunner@192d3247]" name="runScenario" duration-ms="2568" started-at="2021-05-08T21:09:25 IST" description="Runs Cucumber Scenarios" data-provider="scenarios" finished-at="2021-05-08T21:09:27 IST">
          <params>
            <param index="0">
              <value>
                <![CDATA["Verify Delete Place API"]]>
              </value>
            </param>
            <param index="1">
              <value>
                <![CDATA["Optional[Add Delete Place API]"]]>
              </value>
            </param>
          </params>
          <reporter-output>
          </reporter-output>
        </test-method> <!-- runScenario -->
        <test-method status="PASS" signature="tearDownClass()[pri:0, instance:Runner.TestRunner@192d3247]" name="tearDownClass" is-config="true" duration-ms="889" started-at="2021-05-08T21:09:27 IST" finished-at="2021-05-08T21:09:28 IST">
          <reporter-output>
          </reporter-output>
        </test-method> <!-- tearDownClass -->
      </class> <!-- Runner.TestRunner -->
    </test> <!-- ADD_DELETE_API_Test -->
  </suite> <!-- LibraryAPITest -->
</testng-results>
